<?xml version="1.0" encoding="UTF-8" standalone="yes"?>
<persistence xmlns="https://jakarta.ee/xml/ns/persistence"
             xmlns:xsi="http://www.w3.org/2001/XMLSchema-instance"
             xsi:schemaLocation="https://jakarta.ee/xml/ns/persistence https://jakarta.ee/xml/ns/persistence/persistence_3_0.xsd"
             version="3.0">
    <persistence-unit name="guesthouse" transaction-type="JTA">
<!--        <provider>org.hibernate.jpa.HibernatePersistenceProvider</provider>-->
        <provider>org.eclipse.persistence.jpa.PersistenceProvider</provider>
        <jta-data-source>java:global/jdbc/guesthouse</jta-data-source>
        <jar-file>lib/DataModel-1.0.jar</jar-file>
        <properties>
            <property name="jakarta.persistence.schema-generation.database.action" value="drop-and-create"/>
            <property name="jakarta.persistence.sql-load-script-source"
                      value="META-INF/sql/initial_data.sql"/>
            <property name="javax.persistence.jdbc.driver" value="org.h2.Driver" />
            <property name="javax.persistence.jdbc.url" value="jdbc:h2:mem:pas" />
            <property name="javax.persistence.jdbc.user" value="sa" />
            <property name="eclipselink.target-database" value="org.eclipse.persistence.platform.database.H2Platform"/>
        </properties>
    </persistence-unit>
</persistence>
